2023/05/03 01:36:02 81cc620c-f03d-4f92-a998-af764e535eed
2023/05/03 01:36:02 GET /api/game 200 OK
2023/05/03 01:36:02 {"nick":"53027npwncj","game_status":"waiting_wpbot","last_game_status":"no_game"}
2023/05/03 01:36:02 GET /api/game 200 OK
2023/05/03 01:36:02 {"nick":"53027npwncj","game_status":"waiting_wpbot","last_game_status":"no_game"}
2023/05/03 01:36:02 GET /api/game 200 OK
2023/05/03 01:36:02 {"nick":"53027npwncj","game_status":"waiting_wpbot","last_game_status":"no_game"}
2023/05/03 01:36:02 GET /api/game 200 OK
2023/05/03 01:36:02 {"nick":"53027npwncj","game_status":"waiting_wpbot","last_game_status":"no_game"}
2023/05/03 01:36:03 GET /api/game 200 OK
2023/05/03 01:36:03 {"nick":"53027npwncj","game_status":"waiting_wpbot","last_game_status":"no_game"}
2023/05/03 01:36:03 GET /api/game 200 OK
2023/05/03 01:36:03 {"nick":"53027npwncj","game_status":"waiting_wpbot","last_game_status":"no_game"}
2023/05/03 01:36:04 GET /api/game 200 OK
2023/05/03 01:36:04 {"nick":"53027npwncj","game_status":"game_in_progress","last_game_status":"no_game","opponent":"WP_Bot"}
2023/05/03 01:36:04 GET /api/game 200 OK
2023/05/03 01:36:04 {"nick":"53027npwncj","game_status":"game_in_progress","last_game_status":"no_game","opponent":"WP_Bot"}
2023/05/03 01:36:04 GET /api/game 200 OK
2023/05/03 01:36:04 {"nick":"53027npwncj","game_status":"game_in_progress","last_game_status":"no_game","opponent":"WP_Bot"}
2023/05/03 01:36:05 GET /api/game 200 OK
2023/05/03 01:36:05 {"nick":"53027npwncj","game_status":"game_in_progress","last_game_status":"no_game","opponent":"WP_Bot","opp_shots":["E4"]}
2023/05/03 01:36:05 GET /api/game 200 OK
2023/05/03 01:36:05 {"nick":"53027npwncj","game_status":"game_in_progress","last_game_status":"no_game","opponent":"WP_Bot","opp_shots":["E4","D4"]}
2023/05/03 01:36:05 GET /api/game 200 OK
2023/05/03 01:36:05 {"nick":"53027npwncj","game_status":"game_in_progress","last_game_status":"no_game","opponent":"WP_Bot","opp_shots":["E4","D4"]}
2023/05/03 01:36:06 GET /api/game 200 OK
2023/05/03 01:36:06 {"nick":"53027npwncj","game_status":"game_in_progress","last_game_status":"no_game","opponent":"WP_Bot","opp_shots":["E4","D4","G8"]}
2023/05/03 01:36:06 GET /api/game 200 OK
2023/05/03 01:36:06 {"nick":"53027npwncj","game_status":"game_in_progress","last_game_status":"no_game","opponent":"WP_Bot","opp_shots":["E4","D4","G8","F8"],"should_fire":true,"timer":60}
2023/05/03 01:36:06 App description:  {"nick":"53027npwncj","desc":"n/a","opponent":"WP_Bot","opp_desc":"Siejący trwogę, latający WP Bot. 1000 walk wygranych przed czasem. Giń przeciwniku!"}
2023/05/03 01:36:06 Board empty, downloading the board...
2023/05/03 01:36:06 GET /api/game/board 200 OK
2023/05/03 01:36:06 board downloaded