2023/05/13 17:21:22 {"coords":null,"desc":"","nick":"","target_nick":"","wpbot":true}
2023/05/13 17:21:23 37f2d746-2439-4164-9ab8-e2d38a21d8ff
2023/05/13 17:21:23 GET /api/game 200 OK
2023/05/13 17:21:23 Status: {"nick":"George_B._Rodney","game_status":"waiting_wpbot","last_game_status":"no_game"}
2023/05/13 17:21:24 GET /api/game 200 OK
2023/05/13 17:21:24 Status: {"nick":"George_B._Rodney","game_status":"waiting_wpbot","last_game_status":"no_game"}
2023/05/13 17:21:25 GET /api/game 200 OK
2023/05/13 17:21:25 Status: {"nick":"George_B._Rodney","game_status":"game_in_progress","last_game_status":"no_game","opponent":"WP_Bot","should_fire":true,"timer":60}
2023/05/13 17:21:25 GET /api/game/desc 200 OK
2023/05/13 17:21:25 Description: {"nick":"George_B._Rodney","desc":"brytyjski admirał, urodzony w 1719 roku, zmarł w 1792 roku, zwycięzca bitwy pod St. Kitts","opponent":"WP_Bot","opp_desc":"Siejący trwogę, latający WP Bot. 1000 walk wygranych przed czasem. Giń przeciwniku!"}
2023/05/13 17:21:25 Creating a board
2023/05/13 17:21:25 GET /api/game/board 200 OK
2023/05/13 17:21:25 ships positions: [A6 A7 A9 B2 C2 C10 D4 D5 D6 E2 F2 F6 F9 G2 G6 G9 H9 I4 I9 J7]
2023/05/13 17:21:25 starting ui
2023/05/13 17:21:26 GET /api/game 200 OK
2023/05/13 17:21:26 Status: {"nick":"George_B._Rodney","game_status":"game_in_progress","last_game_status":"no_game","opponent":"WP_Bot","should_fire":true,"timer":58}
2023/05/13 17:21:26 time to fire
2023/05/13 19:43:50 {"coords":null,"desc":"","nick":"","target_nick":"","wpbot":true}
2023/05/13 19:43:50 6be46f33-159d-47b1-b30d-8ecb21ed74ff
2023/05/13 19:43:50 GET /api/game 200 OK
2023/05/13 19:43:50 Status: {"nick":"John_Gell","game_status":"waiting_wpbot","last_game_status":"no_game"}
2023/05/13 19:43:51 GET /api/game 200 OK
2023/05/13 19:43:51 Status: {"nick":"John_Gell","game_status":"waiting_wpbot","last_game_status":"no_game"}
2023/05/13 19:43:52 GET /api/game 200 OK
2023/05/13 19:43:52 Status: {"nick":"John_Gell","game_status":"game_in_progress","last_game_status":"no_game","opponent":"WP_Bot"}
2023/05/13 19:43:52 GET /api/game/desc 200 OK
2023/05/13 19:43:52 Description: {"nick":"John_Gell","desc":"brytyjski admirał, urodzony w 1756 roku, zmarł w 1806 roku, dowódca sił morskich podczas bitwy pod Cape Finisterre","opponent":"WP_Bot","opp_desc":"Siejący trwogę, latający WP Bot. 1000 walk wygranych przed czasem. Giń przeciwniku!"}
2023/05/13 19:43:52 Creating a board
2023/05/13 19:43:52 GET /api/game/board 200 OK
2023/05/13 19:43:52 ships positions: [A1 A2 A3 A6 A7 A8 A9 C5 E3 E6 E8 E10 F3 F6 F10 G10 H7 I3 I4 I10]
2023/05/13 19:43:52 starting ui
2023/05/13 19:43:53 GET /api/game 200 OK
2023/05/13 19:43:53 Status: {"nick":"John_Gell","game_status":"game_in_progress","last_game_status":"no_game","opponent":"WP_Bot","opp_shots":["G5"],"should_fire":true,"timer":60}
2023/05/13 19:43:53 time to fire
2023/05/13 19:49:17 {"coords":null,"desc":"","nick":"Marcin","target_nick":"","wpbot":true}
2023/05/13 19:49:18 24c45703-db17-4b72-bea2-dd783b595228
2023/05/13 19:49:18 GET /api/game 200 OK
2023/05/13 19:49:18 Status: {"nick":"Marcin","game_status":"waiting_wpbot","last_game_status":"no_game"}
2023/05/13 19:49:19 GET /api/game 200 OK
2023/05/13 19:49:19 Status: {"nick":"Marcin","game_status":"game_in_progress","last_game_status":"no_game","opponent":"WP_Bot"}
2023/05/13 19:49:19 GET /api/game/desc 200 OK
2023/05/13 19:49:19 Description: {"nick":"Marcin","desc":"n/a","opponent":"WP_Bot","opp_desc":"Siejący trwogę, latający WP Bot. 1000 walk wygranych przed czasem. Giń przeciwniku!"}
2023/05/13 19:49:19 Creating a board
2023/05/13 19:49:19 GET /api/game/board 200 OK
2023/05/13 19:49:19 ships positions: [A1 A2 B4 B6 C6 D2 D4 D6 D10 E10 F5 F10 G5 I1 I3 I4 I5 I6 I9 J9]
2023/05/13 19:49:19 starting ui
2023/05/13 19:49:20 GET /api/game 200 OK
2023/05/13 19:49:20 Status: {"nick":"Marcin","game_status":"game_in_progress","last_game_status":"no_game","opponent":"WP_Bot","opp_shots":["D5"],"should_fire":true,"timer":60}
2023/05/13 19:49:20 time to fire
